=== VENDOR REGISTRATION REQUEST ===
Request body: {"fname":"Test Vendor","email":"testvendor1757179290048@example.com","password":"password123","store_name":"Test Ice Cream Shop","address":"123 Test Street, Test City"}
Request files: undefined
Content-Type: application/json
Method: POST
URL: /register-vendor-test
=====================================
=== VENDOR REGISTRATION REQUEST ===
Request body: {"fname":"Test Vendor","email":"testvendor1757179323677@example.com","password":"password123","store_name":"Test Ice Cream Shop","address":"123 Test Street, Test City"}
Request files: undefined
Content-Type: application/json
Method: POST
URL: /register-vendor-test
=====================================
Extracted fields: fname=Test Vendor, email=testvendor1757179323677@example.com, store_name=Test Ice Cream Shop, address=123 Test Street, Test City
Validation passed, proceeding with database operations
=== VENDOR REGISTRATION REQUEST ===
Request body: {"fname":"Test Vendor","email":"testvendor1757179427635@example.com","password":"password123","store_name":"Test Ice Cream Shop","address":"123 Test Street, Test City"}
Request files: undefined
Content-Type: application/json
Method: POST
URL: /register-vendor-test
=====================================
Extracted fields: fname=Test Vendor, email=testvendor1757179427635@example.com, store_name=Test Ice Cream Shop, address=123 Test Street, Test City
Validation passed, proceeding with database operations
=== VENDOR REGISTRATION REQUEST ===
Request body: {"fname":"Test Vendor","email":"testvendor1757179461786@example.com","password":"password123","store_name":"Test Ice Cream Shop","address":"123 Test Street, Test City"}
Request files: undefined
Content-Type: application/json
Method: POST
URL: /register-vendor-test
=====================================
Extracted fields: fname=Test Vendor, email=testvendor1757179461786@example.com, store_name=Test Ice Cream Shop, address=123 Test Street, Test City
Validation passed, proceeding with database operations
Checking if email exists: testvendor1757179461786@example.com
=== VENDOR REGISTRATION REQUEST ===
Request body: {"fname":"kdfkfa","lname":"","username":"joemar1234","password":"joemar1234","contact_no":"341414","email":"j@gmail.com","store_name":"jjsjsj","address":"jsjsjjsj","role":"vendor"}
Request files: {"valid_id":[{"fieldname":"valid_id","originalname":"10385869.547fecb3d0963.jpg","encoding":"7bit","mimetype":"image/jpeg","destination":"uploads/vendor-documents/","filename":"valid_id-1757179581270-282203606.jpg","path":"uploads\\vendor-documents\\valid_id-1757179581270-282203606.jpg","size":48050}],"business_permit":[{"fieldname":"business_permit","originalname":"3_3.png","encoding":"7bit","mimetype":"image/png","destination":"uploads/vendor-documents/","filename":"business_permit-1757179581277-945043664.png","path":"uploads\\vendor-documents\\business_permit-1757179581277-945043664.png","size":204929}],"ice_cream_photo":[{"fieldname":"ice_cream_photo","originalname":"c8db2801-e145-4ebe-99b8-9c9a365bbe31.jpg","encoding":"7bit","mimetype":"image/jpeg","destination":"uploads/vendor-documents/","filename":"ice_cream_photo-1757179581298-695520645.jpg","path":"uploads\\vendor-documents\\ice_cream_photo-1757179581298-695520645.jpg","size":171493}]}
Content-Type: multipart/form-data; boundary=----WebKitFormBoundaryO7ES63x2BNhbXhsV
Method: POST
URL: /register-vendor
=====================================
Extracted fields: fname=kdfkfa, email=j@gmail.com, store_name=jjsjsj, address=jsjsjjsj
Validation passed, proceeding with database operations
Checking if email exists: j@gmail.com
=== VENDOR REGISTRATION REQUEST ===
Request body: {"fname":"JOemar","lname":"","username":"joemar12345","password":"joemar12345","contact_no":"012390139","email":"jo@gmail.com","store_name":"dgdslgsdg","address":"dslgkdfgl","role":"vendor"}
Request files: {"valid_id":[{"fieldname":"valid_id","originalname":"10385869.547fecb3d0963.jpg","encoding":"7bit","mimetype":"image/jpeg","destination":"uploads/vendor-documents/","filename":"valid_id-1757179749130-763207036.jpg","path":"uploads\\vendor-documents\\valid_id-1757179749130-763207036.jpg","size":48050}],"business_permit":[{"fieldname":"business_permit","originalname":"ᦓꪖꪜꫀ = ᠻꪮꪶꪶꪮ᭙.jpg","encoding":"7bit","mimetype":"image/jpeg","destination":"uploads/vendor-documents/","filename":"business_permit-1757179749132-76356386.jpg","path":"uploads\\vendor-documents\\business_permit-1757179749132-76356386.jpg","size":50864}],"ice_cream_photo":[{"fieldname":"ice_cream_photo","originalname":"c8db2801-e145-4ebe-99b8-9c9a365bbe31.jpg","encoding":"7bit","mimetype":"image/jpeg","destination":"uploads/vendor-documents/","filename":"ice_cream_photo-1757179749137-843561772.jpg","path":"uploads\\vendor-documents\\ice_cream_photo-1757179749137-843561772.jpg","size":171493}]}
Content-Type: multipart/form-data; boundary=----WebKitFormBoundaryEqhqa9tJpZCPLVHN
Method: POST
URL: /register-vendor
=====================================
Extracted fields: fname=JOemar, email=jo@gmail.com, store_name=dgdslgsdg, address=dslgkdfgl
Validation passed, proceeding with database operations
Checking if email exists: jo@gmail.com
Email check result: 0 existing emails
Inserting user: JOemar, jo@gmail.com
=== VENDOR REGISTRATION REQUEST ===
Request body: {"fname":"JOemar","lname":"","username":"joemar12345","password":"joemar12345","contact_no":"012390139","email":"jo@gmail.com","store_name":"dgdslgsdg","address":"dslgkdfgl","role":"vendor"}
Request files: {"valid_id":[{"fieldname":"valid_id","originalname":"10385869.547fecb3d0963.jpg","encoding":"7bit","mimetype":"image/jpeg","destination":"uploads/vendor-documents/","filename":"valid_id-1757179819216-474352746.jpg","path":"uploads\\vendor-documents\\valid_id-1757179819216-474352746.jpg","size":48050}],"business_permit":[{"fieldname":"business_permit","originalname":"ᦓꪖꪜꫀ = ᠻꪮꪶꪶꪮ᭙.jpg","encoding":"7bit","mimetype":"image/jpeg","destination":"uploads/vendor-documents/","filename":"business_permit-1757179819220-891947303.jpg","path":"uploads\\vendor-documents\\business_permit-1757179819220-891947303.jpg","size":50864}],"ice_cream_photo":[{"fieldname":"ice_cream_photo","originalname":"c8db2801-e145-4ebe-99b8-9c9a365bbe31.jpg","encoding":"7bit","mimetype":"image/jpeg","destination":"uploads/vendor-documents/","filename":"ice_cream_photo-1757179819232-462574711.jpg","path":"uploads\\vendor-documents\\ice_cream_photo-1757179819232-462574711.jpg","size":171493}]}
Content-Type: multipart/form-data; boundary=----WebKitFormBoundaryIH59lNF09AO1nmhr
Method: POST
URL: /register-vendor
=====================================
Extracted fields: fname=JOemar, email=jo@gmail.com, store_name=dgdslgsdg, address=dslgkdfgl
Validation passed, proceeding with database operations
Checking if email exists: jo@gmail.com
Email check result: 0 existing emails
Inserting user: JOemar, jo@gmail.com
=== VENDOR REGISTRATION REQUEST ===
Request body: {"fname":"HAHAHA","lname":"","username":"joemar122","password":"joemar122","contact_no":"0123102391","email":"joem@gmail.com","store_name":"thehell","address":"shesshh","role":"vendor"}
Request files: {"valid_id":[{"fieldname":"valid_id","originalname":"10385869.547fecb3d0963.jpg","encoding":"7bit","mimetype":"image/jpeg","destination":"uploads/vendor-documents/","filename":"valid_id-1757179877095-652341407.jpg","path":"uploads\\vendor-documents\\valid_id-1757179877095-652341407.jpg","size":48050}],"business_permit":[{"fieldname":"business_permit","originalname":"𝞋𝞎 RUMI, MIRA & ZOEY _ও.jpg","encoding":"7bit","mimetype":"image/jpeg","destination":"uploads/vendor-documents/","filename":"business_permit-1757179877099-767444987.jpg","path":"uploads\\vendor-documents\\business_permit-1757179877099-767444987.jpg","size":147752}],"ice_cream_photo":[{"fieldname":"ice_cream_photo","originalname":"6e8c98e5-c97a-4d04-a842-88e7a48cd842.jpg","encoding":"7bit","mimetype":"image/jpeg","destination":"uploads/vendor-documents/","filename":"ice_cream_photo-1757179877116-642101738.jpg","path":"uploads\\vendor-documents\\ice_cream_photo-1757179877116-642101738.jpg","size":78083}]}
Content-Type: multipart/form-data; boundary=----WebKitFormBoundaryqMDtyAqaCV2wsXIV
Method: POST
URL: /register-vendor
=====================================
Extracted fields: fname=HAHAHA, email=joem@gmail.com, store_name=thehell, address=shesshh
Validation passed, proceeding with database operations
Checking if email exists: joem@gmail.com
Email check result: 0 existing emails
Inserting user: HAHAHA, joem@gmail.com
=== VENDOR REGISTRATION REQUEST ===
Request body: {"fname":"Test Vendor","email":"testvendor1757180144832@example.com","password":"password123","store_name":"Test Ice Cream Shop","address":"123 Test Street, Test City"}
Request files: undefined
Content-Type: application/json
Method: POST
URL: /register-vendor-test
=====================================
Extracted fields: fname=Test Vendor, email=testvendor1757180144832@example.com, store_name=Test Ice Cream Shop, address=123 Test Street, Test City
Validation passed, proceeding with database operations
Checking if email exists: testvendor1757180144832@example.com
Email check result: 0 existing emails
Inserting user: Test Vendor, testvendor1757180144832@example.com
User created with ID: 10
Inserting vendor: Test Ice Cream Shop, user_id: 10
ERROR: Unknown column 'shop_name' in 'field list'
Error code: ER_BAD_FIELD_ERROR
SQL State: 42S22
SQL Message: Unknown column 'shop_name' in 'field list'
=== VENDOR REGISTRATION REQUEST ===
Request body: {"fname":"nc","lname":"","username":"ge","password":"joemar123","contact_no":"091234","email":"joemar3@gmail.com","store_name":"joemarS","address":"dsfdds","role":"vendor"}
Request files: {"valid_id":[{"fieldname":"valid_id","originalname":"10385869.547fecb3d0963.jpg","encoding":"7bit","mimetype":"image/jpeg","destination":"uploads/vendor-documents/","filename":"valid_id-1757180380015-486633273.jpg","path":"uploads\\vendor-documents\\valid_id-1757180380015-486633273.jpg","size":48050}],"business_permit":[{"fieldname":"business_permit","originalname":"ᦓꪖꪜꫀ = ᠻꪮꪶꪶꪮ᭙.png","encoding":"7bit","mimetype":"image/png","destination":"uploads/vendor-documents/","filename":"business_permit-1757180380024-79996520.png","path":"uploads\\vendor-documents\\business_permit-1757180380024-79996520.png","size":437873}],"ice_cream_photo":[{"fieldname":"ice_cream_photo","originalname":"c8db2801-e145-4ebe-99b8-9c9a365bbe31.jpg","encoding":"7bit","mimetype":"image/jpeg","destination":"uploads/vendor-documents/","filename":"ice_cream_photo-1757180380049-830342977.jpg","path":"uploads\\vendor-documents\\ice_cream_photo-1757180380049-830342977.jpg","size":171493}]}
Content-Type: multipart/form-data; boundary=----WebKitFormBoundary3RlkTz94Jv0jKlb5
Method: POST
URL: /register-vendor
=====================================
Extracted fields: fname=nc, email=joemar3@gmail.com, store_name=joemarS, address=dsfdds
Validation passed, proceeding with database operations
Checking if email exists: joemar3@gmail.com
Email check result: 0 existing emails
Inserting user: nc, joemar3@gmail.com
User created with ID: 11
Inserting vendor: joemarS, user_id: 11
ERROR: Unknown column 'location' in 'field list'
Error code: ER_BAD_FIELD_ERROR
SQL State: 42S22
SQL Message: Unknown column 'location' in 'field list'
=== VENDOR REGISTRATION REQUEST ===
Request body: {"fname":"nc","lname":"","username":"ge","password":"joemar123","contact_no":"091234","email":"joemar3@gmail.com","store_name":"joemarS","address":"dsfdds","role":"vendor"}
Request files: {"valid_id":[{"fieldname":"valid_id","originalname":"10385869.547fecb3d0963.jpg","encoding":"7bit","mimetype":"image/jpeg","destination":"uploads/vendor-documents/","filename":"valid_id-1757180452446-804950327.jpg","path":"uploads\\vendor-documents\\valid_id-1757180452446-804950327.jpg","size":48050}],"business_permit":[{"fieldname":"business_permit","originalname":"ᦓꪖꪜꫀ = ᠻꪮꪶꪶꪮ᭙.png","encoding":"7bit","mimetype":"image/png","destination":"uploads/vendor-documents/","filename":"business_permit-1757180452449-816241342.png","path":"uploads\\vendor-documents\\business_permit-1757180452449-816241342.png","size":437873}],"ice_cream_photo":[{"fieldname":"ice_cream_photo","originalname":"c8db2801-e145-4ebe-99b8-9c9a365bbe31.jpg","encoding":"7bit","mimetype":"image/jpeg","destination":"uploads/vendor-documents/","filename":"ice_cream_photo-1757180452466-205861827.jpg","path":"uploads\\vendor-documents\\ice_cream_photo-1757180452466-205861827.jpg","size":171493}]}
Content-Type: multipart/form-data; boundary=----WebKitFormBoundary0y3JXTRiTNUxs8z6
Method: POST
URL: /register-vendor
=====================================
Extracted fields: fname=nc, email=joemar3@gmail.com, store_name=joemarS, address=dsfdds
Validation passed, proceeding with database operations
Checking if email exists: joemar3@gmail.com
Email check result: 1 existing emails
Email already exists, returning error
=== VENDOR REGISTRATION REQUEST ===
Request body: {"fname":"nc","lname":"","username":"ge","password":"joemar123","contact_no":"091234","email":"joemar7@gmail.com","store_name":"joemarS","address":"dsfdds","role":"vendor"}
Request files: {"valid_id":[{"fieldname":"valid_id","originalname":"10385869.547fecb3d0963.jpg","encoding":"7bit","mimetype":"image/jpeg","destination":"uploads/vendor-documents/","filename":"valid_id-1757180462934-79460256.jpg","path":"uploads\\vendor-documents\\valid_id-1757180462934-79460256.jpg","size":48050}],"business_permit":[{"fieldname":"business_permit","originalname":"ᦓꪖꪜꫀ = ᠻꪮꪶꪶꪮ᭙.png","encoding":"7bit","mimetype":"image/png","destination":"uploads/vendor-documents/","filename":"business_permit-1757180462935-148098471.png","path":"uploads\\vendor-documents\\business_permit-1757180462935-148098471.png","size":437873}],"ice_cream_photo":[{"fieldname":"ice_cream_photo","originalname":"c8db2801-e145-4ebe-99b8-9c9a365bbe31.jpg","encoding":"7bit","mimetype":"image/jpeg","destination":"uploads/vendor-documents/","filename":"ice_cream_photo-1757180462953-180122152.jpg","path":"uploads\\vendor-documents\\ice_cream_photo-1757180462953-180122152.jpg","size":171493}]}
Content-Type: multipart/form-data; boundary=----WebKitFormBoundaryRyhtDH9GwurAAFBO
Method: POST
URL: /register-vendor
=====================================
Extracted fields: fname=nc, email=joemar7@gmail.com, store_name=joemarS, address=dsfdds
Validation passed, proceeding with database operations
Checking if email exists: joemar7@gmail.com
Email check result: 0 existing emails
Inserting user: nc, joemar7@gmail.com
User created with ID: 12
Inserting vendor: joemarS, user_id: 12
ERROR: Unknown column 'business_permit' in 'field list'
Error code: ER_BAD_FIELD_ERROR
SQL State: 42S22
SQL Message: Unknown column 'business_permit' in 'field list'
=== VENDOR REGISTRATION REQUEST ===
Request body: {"fname":"nc","lname":"","username":"ge","password":"joemar123","contact_no":"091234","email":"joemar7@gmail.com","store_name":"joemarS","address":"dsfdds","role":"vendor"}
Request files: {"valid_id":[{"fieldname":"valid_id","originalname":"10385869.547fecb3d0963.jpg","encoding":"7bit","mimetype":"image/jpeg","destination":"uploads/vendor-documents/","filename":"valid_id-1757180525752-422259534.jpg","path":"uploads\\vendor-documents\\valid_id-1757180525752-422259534.jpg","size":48050}],"business_permit":[{"fieldname":"business_permit","originalname":"ᦓꪖꪜꫀ = ᠻꪮꪶꪶꪮ᭙.png","encoding":"7bit","mimetype":"image/png","destination":"uploads/vendor-documents/","filename":"business_permit-1757180525760-598871787.png","path":"uploads\\vendor-documents\\business_permit-1757180525760-598871787.png","size":437873}],"ice_cream_photo":[{"fieldname":"ice_cream_photo","originalname":"c8db2801-e145-4ebe-99b8-9c9a365bbe31.jpg","encoding":"7bit","mimetype":"image/jpeg","destination":"uploads/vendor-documents/","filename":"ice_cream_photo-1757180525781-800573018.jpg","path":"uploads\\vendor-documents\\ice_cream_photo-1757180525781-800573018.jpg","size":171493}]}
Content-Type: multipart/form-data; boundary=----WebKitFormBoundaryPjlkIfGCNCNocTOw
Method: POST
URL: /register-vendor
=====================================
Extracted fields: fname=nc, email=joemar7@gmail.com, store_name=joemarS, address=dsfdds
Validation passed, proceeding with database operations
Checking if email exists: joemar7@gmail.com
Email check result: 1 existing emails
Email already exists, returning error
=== VENDOR REGISTRATION REQUEST ===
Request body: {"fname":"nc","lname":"","username":"ge","password":"joemar123","contact_no":"091234","email":"joemar8@gmail.com","store_name":"joemarS","address":"dsfdds","role":"vendor"}
Request files: {"valid_id":[{"fieldname":"valid_id","originalname":"10385869.547fecb3d0963.jpg","encoding":"7bit","mimetype":"image/jpeg","destination":"uploads/vendor-documents/","filename":"valid_id-1757180534175-723251095.jpg","path":"uploads\\vendor-documents\\valid_id-1757180534175-723251095.jpg","size":48050}],"business_permit":[{"fieldname":"business_permit","originalname":"ᦓꪖꪜꫀ = ᠻꪮꪶꪶꪮ᭙.png","encoding":"7bit","mimetype":"image/png","destination":"uploads/vendor-documents/","filename":"business_permit-1757180534199-873165568.png","path":"uploads\\vendor-documents\\business_permit-1757180534199-873165568.png","size":437873}],"ice_cream_photo":[{"fieldname":"ice_cream_photo","originalname":"c8db2801-e145-4ebe-99b8-9c9a365bbe31.jpg","encoding":"7bit","mimetype":"image/jpeg","destination":"uploads/vendor-documents/","filename":"ice_cream_photo-1757180534228-675650810.jpg","path":"uploads\\vendor-documents\\ice_cream_photo-1757180534228-675650810.jpg","size":171493}]}
Content-Type: multipart/form-data; boundary=----WebKitFormBoundaryqesFGDHU9jMhS8BA
Method: POST
URL: /register-vendor
=====================================
Extracted fields: fname=nc, email=joemar8@gmail.com, store_name=joemarS, address=dsfdds
Validation passed, proceeding with database operations
Checking if email exists: joemar8@gmail.com
Email check result: 0 existing emails
Inserting user: nc, joemar8@gmail.com
User created with ID: 13
Inserting vendor: joemarS, user_id: 13
ERROR: Unknown column 'is_approved' in 'field list'
Error code: ER_BAD_FIELD_ERROR
SQL State: 42S22
SQL Message: Unknown column 'is_approved' in 'field list'
=== VENDOR REGISTRATION REQUEST ===
Request body: {"fname":"nc","lname":"","username":"ge","password":"joemar123","contact_no":"091234","email":"joemar6@gmail.com","store_name":"joemarS","address":"dsfdds","role":"vendor"}
Request files: {"valid_id":[{"fieldname":"valid_id","originalname":"10385869.547fecb3d0963.jpg","encoding":"7bit","mimetype":"image/jpeg","destination":"uploads/vendor-documents/","filename":"valid_id-1757180558045-641148580.jpg","path":"uploads\\vendor-documents\\valid_id-1757180558045-641148580.jpg","size":48050}],"business_permit":[{"fieldname":"business_permit","originalname":"ᦓꪖꪜꫀ = ᠻꪮꪶꪶꪮ᭙.png","encoding":"7bit","mimetype":"image/png","destination":"uploads/vendor-documents/","filename":"business_permit-1757180558050-298516178.png","path":"uploads\\vendor-documents\\business_permit-1757180558050-298516178.png","size":437873}],"ice_cream_photo":[{"fieldname":"ice_cream_photo","originalname":"c8db2801-e145-4ebe-99b8-9c9a365bbe31.jpg","encoding":"7bit","mimetype":"image/jpeg","destination":"uploads/vendor-documents/","filename":"ice_cream_photo-1757180558072-594737344.jpg","path":"uploads\\vendor-documents\\ice_cream_photo-1757180558072-594737344.jpg","size":171493}]}
Content-Type: multipart/form-data; boundary=----WebKitFormBoundaryNEttbqDeDlhZ4t0b
Method: POST
URL: /register-vendor
=====================================
Extracted fields: fname=nc, email=joemar6@gmail.com, store_name=joemarS, address=dsfdds
Validation passed, proceeding with database operations
Checking if email exists: joemar6@gmail.com
Email check result: 0 existing emails
Inserting user: nc, joemar6@gmail.com
User created with ID: 14
Inserting vendor: joemarS, user_id: 14
ERROR: Unknown column 'createdAt' in 'field list'
Error code: ER_BAD_FIELD_ERROR
SQL State: 42S22
SQL Message: Unknown column 'createdAt' in 'field list'
=== VENDOR REGISTRATION REQUEST ===
Request body: {"fname":"nc","lname":"","username":"ge","password":"joemar123","contact_no":"091234","email":"joemar6@gmail.com","store_name":"joemarS","address":"dsfdds","role":"vendor"}
Request files: {"valid_id":[{"fieldname":"valid_id","originalname":"10385869.547fecb3d0963.jpg","encoding":"7bit","mimetype":"image/jpeg","destination":"uploads/vendor-documents/","filename":"valid_id-1757180579263-277284352.jpg","path":"uploads\\vendor-documents\\valid_id-1757180579263-277284352.jpg","size":48050}],"business_permit":[{"fieldname":"business_permit","originalname":"ᦓꪖꪜꫀ = ᠻꪮꪶꪶꪮ᭙.png","encoding":"7bit","mimetype":"image/png","destination":"uploads/vendor-documents/","filename":"business_permit-1757180579269-162981000.png","path":"uploads\\vendor-documents\\business_permit-1757180579269-162981000.png","size":437873}],"ice_cream_photo":[{"fieldname":"ice_cream_photo","originalname":"c8db2801-e145-4ebe-99b8-9c9a365bbe31.jpg","encoding":"7bit","mimetype":"image/jpeg","destination":"uploads/vendor-documents/","filename":"ice_cream_photo-1757180579293-394312268.jpg","path":"uploads\\vendor-documents\\ice_cream_photo-1757180579293-394312268.jpg","size":171493}]}
Content-Type: multipart/form-data; boundary=----WebKitFormBoundaryKc2IbD6KB6TDgf4r
Method: POST
URL: /register-vendor
=====================================
Extracted fields: fname=nc, email=joemar6@gmail.com, store_name=joemarS, address=dsfdds
Validation passed, proceeding with database operations
Checking if email exists: joemar6@gmail.com
Email check result: 1 existing emails
Email already exists, returning error
=== VENDOR REGISTRATION REQUEST ===
Request body: {"fname":"nc","lname":"","username":"ge","password":"joemar123","contact_no":"091234","email":"joemar9@gmail.com","store_name":"joemarS","address":"dsfdds","role":"vendor"}
Request files: {"valid_id":[{"fieldname":"valid_id","originalname":"10385869.547fecb3d0963.jpg","encoding":"7bit","mimetype":"image/jpeg","destination":"uploads/vendor-documents/","filename":"valid_id-1757180585382-438643722.jpg","path":"uploads\\vendor-documents\\valid_id-1757180585382-438643722.jpg","size":48050}],"business_permit":[{"fieldname":"business_permit","originalname":"ᦓꪖꪜꫀ = ᠻꪮꪶꪶꪮ᭙.png","encoding":"7bit","mimetype":"image/png","destination":"uploads/vendor-documents/","filename":"business_permit-1757180585402-822020742.png","path":"uploads\\vendor-documents\\business_permit-1757180585402-822020742.png","size":437873}],"ice_cream_photo":[{"fieldname":"ice_cream_photo","originalname":"c8db2801-e145-4ebe-99b8-9c9a365bbe31.jpg","encoding":"7bit","mimetype":"image/jpeg","destination":"uploads/vendor-documents/","filename":"ice_cream_photo-1757180585495-756341742.jpg","path":"uploads\\vendor-documents\\ice_cream_photo-1757180585495-756341742.jpg","size":171493}]}
Content-Type: multipart/form-data; boundary=----WebKitFormBoundaryAgevzCVBMsBfzvNC
Method: POST
URL: /register-vendor
=====================================
Extracted fields: fname=nc, email=joemar9@gmail.com, store_name=joemarS, address=dsfdds
Validation passed, proceeding with database operations
Checking if email exists: joemar9@gmail.com
Email check result: 0 existing emails
Inserting user: nc, joemar9@gmail.com
User created with ID: 15
Inserting vendor: joemarS, user_id: 15
Vendor registration completed successfully
=== VENDOR REGISTRATION REQUEST ===
Request body: {"fname":"Test Vendor","email":"testvendor1757181170558@example.com","password":"password123","store_name":"Test Ice Cream Shop","address":"123 Test Street, Test City"}
Request files: undefined
Content-Type: application/json
Method: POST
URL: /register-vendor-test
=====================================
Extracted fields: fname=Test Vendor, email=testvendor1757181170558@example.com, store_name=Test Ice Cream Shop, address=123 Test Street, Test City
Validation passed, proceeding with database operations
Checking if email exists: testvendor1757181170558@example.com
Email check result: 0 existing emails
Inserting user: Test Vendor, testvendor1757181170558@example.com
User created with ID: 16
File paths - valid_id: null, business_permit: null, ice_cream_photo: null
Inserting vendor: Test Ice Cream Shop, user_id: 16
Vendor registration completed successfully
=== VENDOR REGISTRATION REQUEST ===
Request body: {"fname":"Joemar Tolero ","lname":"","username":"thegreat","password":"joemar123","contact_no":"09123131","email":"ja@gmail.com","store_name":"09123","address":"iioqo","role":"vendor"}
Request files: {"valid_id":[{"fieldname":"valid_id","originalname":"10385869.547fecb3d0963.jpg","encoding":"7bit","mimetype":"image/jpeg","destination":"uploads/vendor-documents/","filename":"valid_id-1757181392839-103364607.jpg","path":"uploads\\vendor-documents\\valid_id-1757181392839-103364607.jpg","size":48050}],"business_permit":[{"fieldname":"business_permit","originalname":"Mira✬_K-pop Demon Hunters.png","encoding":"7bit","mimetype":"image/png","destination":"uploads/vendor-documents/","filename":"business_permit-1757181392843-789346140.png","path":"uploads\\vendor-documents\\business_permit-1757181392843-789346140.png","size":194495}],"ice_cream_photo":[{"fieldname":"ice_cream_photo","originalname":"𝞋𝞎 RUMI, MIRA & ZOEY _ও.jpg","encoding":"7bit","mimetype":"image/jpeg","destination":"uploads/vendor-documents/","filename":"ice_cream_photo-1757181392860-565423638.jpg","path":"uploads\\vendor-documents\\ice_cream_photo-1757181392860-565423638.jpg","size":147752}]}
Content-Type: multipart/form-data; boundary=----WebKitFormBoundaryO8EN5y6vAFqQop57
Method: POST
URL: /register-vendor
=====================================
Extracted fields: fname=Joemar Tolero , email=ja@gmail.com, store_name=09123, address=iioqo
Validation passed, proceeding with database operations
Checking if email exists: ja@gmail.com
Email check result: 0 existing emails
Inserting user: Joemar Tolero , ja@gmail.com
User created with ID: 17
File paths - valid_id: valid_id-1757181392839-103364607.jpg, business_permit: business_permit-1757181392843-789346140.png, ice_cream_photo: ice_cream_photo-1757181392860-565423638.jpg
Inserting vendor: 09123, user_id: 17
Vendor registration completed successfully
